<?xml version="1.0" encoding="UTF-8"?>
<testsuite xmlns:xsi="http://www.w3.org/2001/XMLSchema-instance" xsi:noNamespaceSchemaLocation="https://maven.apache.org/surefire/maven-surefire-plugin/xsd/surefire-test-report-3.0.xsd" version="3.0" name="it.isa.progetto.AppTest" time="0.42" tests="4" errors="0" skipped="0" failures="0">
  <properties>
    <property name="sun.desktop" value="gnome"/>
    <property name="awt.toolkit" value="sun.awt.X11.XToolkit"/>
    <property name="java.specification.version" value="11"/>
    <property name="sun.cpu.isalist" value=""/>
    <property name="sun.jnu.encoding" value="UTF-8"/>
    <property name="java.class.path" value="/home/gaetano/mioProgetto/target/test-classes:/home/gaetano/mioProgetto/target/classes:/home/gaetano/.m2/repository/org/junit/jupiter/junit-jupiter/5.8.2/junit-jupiter-5.8.2.jar:/home/gaetano/.m2/repository/org/junit/jupiter/junit-jupiter-api/5.8.2/junit-jupiter-api-5.8.2.jar:/home/gaetano/.m2/repository/org/opentest4j/opentest4j/1.2.0/opentest4j-1.2.0.jar:/home/gaetano/.m2/repository/org/junit/platform/junit-platform-commons/1.8.2/junit-platform-commons-1.8.2.jar:/home/gaetano/.m2/repository/org/junit/jupiter/junit-jupiter-params/5.8.2/junit-jupiter-params-5.8.2.jar:/home/gaetano/.m2/repository/org/junit/jupiter/junit-jupiter-engine/5.8.2/junit-jupiter-engine-5.8.2.jar:/home/gaetano/.m2/repository/org/jacoco/jacoco-maven-plugin/0.8.8/jacoco-maven-plugin-0.8.8.jar:/home/gaetano/.m2/repository/org/codehaus/plexus/plexus-utils/3.0.22/plexus-utils-3.0.22.jar:/home/gaetano/.m2/repository/org/apache/maven/shared/file-management/1.2.1/file-management-1.2.1.jar:/home/gaetano/.m2/repository/org/apache/maven/maven-plugin-api/2.0.6/maven-plugin-api-2.0.6.jar:/home/gaetano/.m2/repository/org/apache/maven/shared/maven-shared-io/1.1/maven-shared-io-1.1.jar:/home/gaetano/.m2/repository/org/apache/maven/maven-artifact/2.0.2/maven-artifact-2.0.2.jar:/home/gaetano/.m2/repository/org/apache/maven/maven-artifact-manager/2.0.2/maven-artifact-manager-2.0.2.jar:/home/gaetano/.m2/repository/org/apache/maven/maven-repository-metadata/2.0.2/maven-repository-metadata-2.0.2.jar:/home/gaetano/.m2/repository/org/apache/maven/wagon/wagon-provider-api/1.0-alpha-6/wagon-provider-api-1.0-alpha-6.jar:/home/gaetano/.m2/repository/org/codehaus/plexus/plexus-container-default/1.0-alpha-9/plexus-container-default-1.0-alpha-9.jar:/home/gaetano/.m2/repository/classworlds/classworlds/1.1-alpha-2/classworlds-1.1-alpha-2.jar:/home/gaetano/.m2/repository/org/apache/maven/reporting/maven-reporting-api/3.0/maven-reporting-api-3.0.jar:/home/gaetano/.m2/repository/org/apache/maven/doxia/doxia-sink-api/1.0/doxia-sink-api-1.0.jar:/home/gaetano/.m2/repository/org/jacoco/org.jacoco.agent/0.8.8/org.jacoco.agent-0.8.8-runtime.jar:/home/gaetano/.m2/repository/org/jacoco/org.jacoco.core/0.8.8/org.jacoco.core-0.8.8.jar:/home/gaetano/.m2/repository/org/ow2/asm/asm/9.2/asm-9.2.jar:/home/gaetano/.m2/repository/org/ow2/asm/asm-commons/9.2/asm-commons-9.2.jar:/home/gaetano/.m2/repository/org/ow2/asm/asm-analysis/9.2/asm-analysis-9.2.jar:/home/gaetano/.m2/repository/org/ow2/asm/asm-tree/9.2/asm-tree-9.2.jar:/home/gaetano/.m2/repository/org/jacoco/org.jacoco.report/0.8.8/org.jacoco.report-0.8.8.jar:/home/gaetano/.m2/repository/org/mockito/mockito-all/1.10.19/mockito-all-1.10.19.jar:/home/gaetano/.m2/repository/com/pholser/junit-quickcheck-core/1.0/junit-quickcheck-core-1.0.jar:/home/gaetano/.m2/repository/junit/junit/4.13.1/junit-4.13.1.jar:/home/gaetano/.m2/repository/org/hamcrest/hamcrest-core/1.3/hamcrest-core-1.3.jar:/home/gaetano/.m2/repository/org/javaruntype/javaruntype/1.3/javaruntype-1.3.jar:/home/gaetano/.m2/repository/org/antlr/antlr-runtime/3.1.2/antlr-runtime-3.1.2.jar:/home/gaetano/.m2/repository/ognl/ognl/3.1.12/ognl-3.1.12.jar:/home/gaetano/.m2/repository/org/javassist/javassist/3.20.0-GA/javassist-3.20.0-GA.jar:/home/gaetano/.m2/repository/ru/vyarus/generics-resolver/3.0.1/generics-resolver-3.0.1.jar:/home/gaetano/.m2/repository/org/slf4j/slf4j-api/1.7.25/slf4j-api-1.7.25.jar:/home/gaetano/.m2/repository/com/pholser/junit-quickcheck-generators/1.0/junit-quickcheck-generators-1.0.jar:/home/gaetano/.m2/repository/org/junit/vintage/junit-vintage-engine/5.8.2/junit-vintage-engine-5.8.2.jar:/home/gaetano/.m2/repository/org/junit/platform/junit-platform-engine/1.8.2/junit-platform-engine-1.8.2.jar:/home/gaetano/.m2/repository/org/apiguardian/apiguardian-api/1.1.2/apiguardian-api-1.1.2.jar:/home/gaetano/.m2/repository/org/slf4j/slf4j-simple/1.7.36/slf4j-simple-1.7.36.jar:/home/gaetano/.m2/repository/com/ibm/db2/jcc/11.1.4.4/jcc-11.1.4.4.jar:"/>
    <property name="java.vm.vendor" value="Ubuntu"/>
    <property name="sun.arch.data.model" value="64"/>
    <property name="java.vendor.url" value="https://ubuntu.com/"/>
    <property name="user.timezone" value="Europe/Rome"/>
    <property name="java.vm.specification.version" value="11"/>
    <property name="os.name" value="Linux"/>
    <property name="sun.java.launcher" value="SUN_STANDARD"/>
    <property name="user.country" value="GB"/>
    <property name="sun.boot.library.path" value="/usr/lib/jvm/java-11-openjdk-amd64/lib"/>
    <property name="sun.java.command" value="/home/gaetano/mioProgetto/target/surefire/surefirebooter4908240264061417978.jar /home/gaetano/mioProgetto/target/surefire 2023-04-17T19-30-32_698-jvmRun1 surefire8869746951457228506tmp surefire_06037111346358853503tmp"/>
    <property name="jdk.debug" value="release"/>
    <property name="surefire.test.class.path" value="/home/gaetano/mioProgetto/target/test-classes:/home/gaetano/mioProgetto/target/classes:/home/gaetano/.m2/repository/org/junit/jupiter/junit-jupiter/5.8.2/junit-jupiter-5.8.2.jar:/home/gaetano/.m2/repository/org/junit/jupiter/junit-jupiter-api/5.8.2/junit-jupiter-api-5.8.2.jar:/home/gaetano/.m2/repository/org/opentest4j/opentest4j/1.2.0/opentest4j-1.2.0.jar:/home/gaetano/.m2/repository/org/junit/platform/junit-platform-commons/1.8.2/junit-platform-commons-1.8.2.jar:/home/gaetano/.m2/repository/org/junit/jupiter/junit-jupiter-params/5.8.2/junit-jupiter-params-5.8.2.jar:/home/gaetano/.m2/repository/org/junit/jupiter/junit-jupiter-engine/5.8.2/junit-jupiter-engine-5.8.2.jar:/home/gaetano/.m2/repository/org/jacoco/jacoco-maven-plugin/0.8.8/jacoco-maven-plugin-0.8.8.jar:/home/gaetano/.m2/repository/org/codehaus/plexus/plexus-utils/3.0.22/plexus-utils-3.0.22.jar:/home/gaetano/.m2/repository/org/apache/maven/shared/file-management/1.2.1/file-management-1.2.1.jar:/home/gaetano/.m2/repository/org/apache/maven/maven-plugin-api/2.0.6/maven-plugin-api-2.0.6.jar:/home/gaetano/.m2/repository/org/apache/maven/shared/maven-shared-io/1.1/maven-shared-io-1.1.jar:/home/gaetano/.m2/repository/org/apache/maven/maven-artifact/2.0.2/maven-artifact-2.0.2.jar:/home/gaetano/.m2/repository/org/apache/maven/maven-artifact-manager/2.0.2/maven-artifact-manager-2.0.2.jar:/home/gaetano/.m2/repository/org/apache/maven/maven-repository-metadata/2.0.2/maven-repository-metadata-2.0.2.jar:/home/gaetano/.m2/repository/org/apache/maven/wagon/wagon-provider-api/1.0-alpha-6/wagon-provider-api-1.0-alpha-6.jar:/home/gaetano/.m2/repository/org/codehaus/plexus/plexus-container-default/1.0-alpha-9/plexus-container-default-1.0-alpha-9.jar:/home/gaetano/.m2/repository/classworlds/classworlds/1.1-alpha-2/classworlds-1.1-alpha-2.jar:/home/gaetano/.m2/repository/org/apache/maven/reporting/maven-reporting-api/3.0/maven-reporting-api-3.0.jar:/home/gaetano/.m2/repository/org/apache/maven/doxia/doxia-sink-api/1.0/doxia-sink-api-1.0.jar:/home/gaetano/.m2/repository/org/jacoco/org.jacoco.agent/0.8.8/org.jacoco.agent-0.8.8-runtime.jar:/home/gaetano/.m2/repository/org/jacoco/org.jacoco.core/0.8.8/org.jacoco.core-0.8.8.jar:/home/gaetano/.m2/repository/org/ow2/asm/asm/9.2/asm-9.2.jar:/home/gaetano/.m2/repository/org/ow2/asm/asm-commons/9.2/asm-commons-9.2.jar:/home/gaetano/.m2/repository/org/ow2/asm/asm-analysis/9.2/asm-analysis-9.2.jar:/home/gaetano/.m2/repository/org/ow2/asm/asm-tree/9.2/asm-tree-9.2.jar:/home/gaetano/.m2/repository/org/jacoco/org.jacoco.report/0.8.8/org.jacoco.report-0.8.8.jar:/home/gaetano/.m2/repository/org/mockito/mockito-all/1.10.19/mockito-all-1.10.19.jar:/home/gaetano/.m2/repository/com/pholser/junit-quickcheck-core/1.0/junit-quickcheck-core-1.0.jar:/home/gaetano/.m2/repository/junit/junit/4.13.1/junit-4.13.1.jar:/home/gaetano/.m2/repository/org/hamcrest/hamcrest-core/1.3/hamcrest-core-1.3.jar:/home/gaetano/.m2/repository/org/javaruntype/javaruntype/1.3/javaruntype-1.3.jar:/home/gaetano/.m2/repository/org/antlr/antlr-runtime/3.1.2/antlr-runtime-3.1.2.jar:/home/gaetano/.m2/repository/ognl/ognl/3.1.12/ognl-3.1.12.jar:/home/gaetano/.m2/repository/org/javassist/javassist/3.20.0-GA/javassist-3.20.0-GA.jar:/home/gaetano/.m2/repository/ru/vyarus/generics-resolver/3.0.1/generics-resolver-3.0.1.jar:/home/gaetano/.m2/repository/org/slf4j/slf4j-api/1.7.25/slf4j-api-1.7.25.jar:/home/gaetano/.m2/repository/com/pholser/junit-quickcheck-generators/1.0/junit-quickcheck-generators-1.0.jar:/home/gaetano/.m2/repository/org/junit/vintage/junit-vintage-engine/5.8.2/junit-vintage-engine-5.8.2.jar:/home/gaetano/.m2/repository/org/junit/platform/junit-platform-engine/1.8.2/junit-platform-engine-1.8.2.jar:/home/gaetano/.m2/repository/org/apiguardian/apiguardian-api/1.1.2/apiguardian-api-1.1.2.jar:/home/gaetano/.m2/repository/org/slf4j/slf4j-simple/1.7.36/slf4j-simple-1.7.36.jar:/home/gaetano/.m2/repository/com/ibm/db2/jcc/11.1.4.4/jcc-11.1.4.4.jar:"/>
    <property name="sun.cpu.endian" value="little"/>
    <property name="user.home" value="/home/gaetano"/>
    <property name="user.language" value="en"/>
    <property name="java.specification.vendor" value="Oracle Corporation"/>
    <property name="java.version.date" value="2022-10-18"/>
    <property name="java.home" value="/usr/lib/jvm/java-11-openjdk-amd64"/>
    <property name="file.separator" value="/"/>
    <property name="basedir" value="/home/gaetano/mioProgetto"/>
    <property name="java.vm.compressedOopsMode" value="Zero based"/>
    <property name="line.separator" value="&#10;"/>
    <property name="java.specification.name" value="Java Platform API Specification"/>
    <property name="java.vm.specification.vendor" value="Oracle Corporation"/>
    <property name="java.awt.graphicsenv" value="sun.awt.X11GraphicsEnvironment"/>
    <property name="surefire.real.class.path" value="/home/gaetano/mioProgetto/target/surefire/surefirebooter4908240264061417978.jar"/>
    <property name="sun.management.compiler" value="HotSpot 64-Bit Tiered Compilers"/>
    <property name="java.runtime.version" value="11.0.17+8-post-Ubuntu-1ubuntu218.04"/>
    <property name="user.name" value="gaetano"/>
    <property name="path.separator" value=":"/>
    <property name="os.version" value="5.0.0-32-generic"/>
    <property name="java.runtime.name" value="OpenJDK Runtime Environment"/>
    <property name="file.encoding" value="UTF-8"/>
    <property name="java.vm.name" value="OpenJDK 64-Bit Server VM"/>
    <property name="localRepository" value="/home/gaetano/.m2/repository"/>
    <property name="java.vendor.url.bug" value="https://bugs.launchpad.net/ubuntu/+source/openjdk-lts"/>
    <property name="java.io.tmpdir" value="/tmp"/>
    <property name="java.version" value="11.0.17"/>
    <property name="user.dir" value="/home/gaetano/mioProgetto"/>
    <property name="os.arch" value="amd64"/>
    <property name="java.vm.specification.name" value="Java Virtual Machine Specification"/>
    <property name="java.awt.printerjob" value="sun.print.PSPrinterJob"/>
    <property name="sun.os.patch.level" value="unknown"/>
    <property name="java.library.path" value="/usr/java/packages/lib:/usr/lib/x86_64-linux-gnu/jni:/lib/x86_64-linux-gnu:/usr/lib/x86_64-linux-gnu:/usr/lib/jni:/lib:/usr/lib"/>
    <property name="java.vm.info" value="mixed mode, sharing"/>
    <property name="java.vendor" value="Ubuntu"/>
    <property name="java.vm.version" value="11.0.17+8-post-Ubuntu-1ubuntu218.04"/>
    <property name="sun.io.unicode.encoding" value="UnicodeLittle"/>
    <property name="java.class.version" value="55.0"/>
  </properties>
  <testcase name="prop_calcolaTasse(int, int, int, int)" classname="it.isa.progetto.AppTest" time="0.139">
    <system-out><![CDATA[negative valuenegative valuenegative valuenegative valuenegative valuenegative valuenegative valuenegative valuenegative valuenegative valuenegative valuenegative valueoverflow/underflownegative valuenegative valuenegative valuenegative valuenegative valuenegative valuenegative valuenegative valuenegative valuenegative valuenegative valuenegative valuenegative valuenegative valuenegative valuenegative valuenegative valuenegative valuenegative valuenegative valuenegative valueoverflow/underflownegative valuenegative valueoverflow/underflownegative valuenegative valuenegative valuenegative valuenegative valuenegative valuenegative valuenegative valuenegative valuenegative valuenegative valuenegative valuenegative valuenegative valuenegative valuenegative valuenegative valuenegative valuenegative valuenegative valuenegative valuenegative valuenegative valuenegative valuenegative valuenegative valuenegative valuenegative valuenegative valueoverflow/underflownegative valuenegative valueoverflow/underflowoverflow/underflownegative valuenegative valuenegative valuenegative valuenegative valuenegative valuenegative valuenegative valuenegative valuenegative valuenegative valuenegative valuenegative valuenegative valuenegative valuenegative valuenegative valuenegative valuenegative valuenegative valuenegative valuenegative valuenegative valuenegative valuenegative valuenegative valuenegative valuenegative value]]></system-out>
  </testcase>
  <testcase name="prop_budgetAnnuale(int, int, int, int)" classname="it.isa.progetto.AppTest" time="0.069">
    <system-out><![CDATA[negative valuenegative valuenegative valuenegative valuenegative valuenegative valuenegative valuenegative valuenegative valuenegative valuenegative valuenegative valuenegative valuenegative valuenegative valuenegative valuenegative valueoverflow/underflownegative valuenegative valuenegative valuenegative valuenegative valuenegative valuenegative valuenegative valuenegative valuenegative valuenegative valuenegative valuenegative valuenegative valuenegative valuenegative valuenegative valuenegative valuenegative valuenegative valuenegative valuenegative valuenegative valuenegative valuenegative valuenegative valuenegative valuenegative valuenegative valuenegative valuenegative valuenegative valuenegative valuenegative valuenegative valuenegative valueoverflow/underflownegative valuenegative valuenegative valuenegative valuenegative valueoverflow/underflownegative valuenegative valuenegative valuenegative valueoverflow/underflownegative valuenegative valuenegative valuenegative valuenegative valuenegative valuenegative valueoverflow/underflownegative valuenegative valuenegative valuenegative valuenegative valuenegative valuenegative valuenegative valuenegative valueoverflow/underflownegative valuenegative valuenegative valuenegative valuenegative valuenegative valuenegative valuenegative valuenegative valuenegative valuenegative valuenegative valuenegative valuenegative valuenegative valuenegative value]]></system-out>
  </testcase>
  <testcase name="prop_calcolaStipendio(LocalDate)" classname="it.isa.progetto.AppTest" time="0.089">
    <system-out><![CDATA[
>>dataassunzione: -755120231-07-26 mesi: 9061467044unexpected value
>>dataassunzione: -704434797-02-25 mesi: 8453241841unexpected value
>>dataassunzione: -849365636-07-31 mesi: 10192411904unexpected value
>>dataassunzione: +330040605-06-04 mesi: -3960462985unexpected value
>>dataassunzione: +526864757-05-20 mesi: -6322352809unexpected value
>>dataassunzione: +103795278-07-25 mesi: -1245519063unexpected value
>>dataassunzione: +954151005-12-04 mesi: -11449787791unexpected value
>>dataassunzione: -379068320-10-06 mesi: 4548844110unexpected value
>>dataassunzione: -639849697-06-01 mesi: 7678220638unexpected value
>>dataassunzione: +726553317-10-22 mesi: -8718615534unexpected value
>>dataassunzione: +185268987-01-10 mesi: -2223203564unexpected value
>>dataassunzione: +658580518-04-16 mesi: -7902941939unexpected value
>>dataassunzione: -627251095-11-29 mesi: 7527037408unexpected value
>>dataassunzione: -64472200-10-28 mesi: 773690669unexpected value
>>dataassunzione: -421497819-07-06 mesi: 5057998101unexpected value
>>dataassunzione: +423903922-12-10 mesi: -5086822795unexpected value
>>dataassunzione: +929682410-10-14 mesi: -11156164649unexpected value
>>dataassunzione: +526013328-12-29 mesi: -6312135668unexpected value
>>dataassunzione: -918886631-03-18 mesi: 11026663848unexpected value
>>dataassunzione: +740931884-08-22 mesi: -8891158336unexpected value
>>dataassunzione: +351958820-06-20 mesi: -4223481566unexpected value
>>dataassunzione: -48869966-01-07 mesi: 586463871unexpected value
>>dataassunzione: -44881662-05-06 mesi: 538604219unexpected value
>>dataassunzione: +762037123-08-27 mesi: -9144421204unexpected value
>>dataassunzione: +432114210-10-12 mesi: -5185346249unexpected value
>>dataassunzione: +466763897-10-26 mesi: -5601142494unexpected value
>>dataassunzione: -669390877-08-05 mesi: 8032714796unexpected value
>>dataassunzione: +988385873-10-20 mesi: -11860606206unexpected value
>>dataassunzione: -528199289-12-18 mesi: 6338415735unexpected value
>>dataassunzione: -106722490-08-24 mesi: 1280694151unexpected value
>>dataassunzione: -803520233-10-25 mesi: 9642267065unexpected value
>>dataassunzione: +336642012-02-01 mesi: -4039679865unexpected value
>>dataassunzione: -227021809-11-11 mesi: 2724285977unexpected value
>>dataassunzione: +182049098-02-04 mesi: -2184564897unexpected value
>>dataassunzione: +873999534-09-14 mesi: -10487970136unexpected value
>>dataassunzione: +562992226-10-06 mesi: -6755882441unexpected value
>>dataassunzione: -877389031-08-01 mesi: 10528692644unexpected value
>>dataassunzione: +814295666-04-21 mesi: -9771523716unexpected value
>>dataassunzione: -362361657-02-01 mesi: 4348364162unexpected value
>>dataassunzione: +719309492-04-22 mesi: -8631689628unexpected value
>>dataassunzione: -797171891-03-30 mesi: 9566086968unexpected value
>>dataassunzione: -163143309-03-12 mesi: 1957743985unexpected value
>>dataassunzione: +95645766-02-13 mesi: -1147724913unexpected value
>>dataassunzione: -491566829-11-20 mesi: 5898826216unexpected value
>>dataassunzione: -344133998-07-07 mesi: 4129632249unexpected value
>>dataassunzione: -952153315-07-14 mesi: 11425864053unexpected value
>>dataassunzione: +589894767-02-07 mesi: -7078712925unexpected value
>>dataassunzione: -331995217-07-07 mesi: 3983966877unexpected value
>>dataassunzione: +370057985-06-02 mesi: -4440671545unexpected value
>>dataassunzione: -612962939-09-20 mesi: 7355579538unexpected value
>>dataassunzione: -858767936-11-15 mesi: 10305239501unexpected value
>>dataassunzione: +144070938-05-10 mesi: -1728826980unexpected value
>>dataassunzione: -552611803-07-27 mesi: 6631365908unexpected value
>>dataassunzione: +141962299-09-02 mesi: -1703523316unexpected value
>>dataassunzione: +247734331-04-02 mesi: -2972787695unexpected value
>>dataassunzione: -886362073-02-26 mesi: 10636369153unexpected value
>>dataassunzione: +26834313-05-16 mesi: -321987480unexpected value
>>dataassunzione: -104774104-11-20 mesi: 1257313516unexpected value
>>dataassunzione: -484989611-11-26 mesi: 5819899600unexpected value
>>dataassunzione: -774155271-05-23 mesi: 9289887526unexpected value
>>dataassunzione: +176042575-03-04 mesi: -2112486622unexpected value
>>dataassunzione: +690573343-03-18 mesi: -8286855839unexpected value
>>dataassunzione: +634528433-02-22 mesi: -7614316918unexpected value
>>dataassunzione: -318405055-12-12 mesi: 3820884928unexpected value
>>dataassunzione: -520955951-11-24 mesi: 6251495680unexpected value
>>dataassunzione: -395181107-03-08 mesi: 4742197561unexpected value
>>dataassunzione: +976815780-07-26 mesi: -11721765087unexpected value
>>dataassunzione: -16591574-03-15 mesi: 199123165unexpected value
>>dataassunzione: +295504339-03-27 mesi: -3546027791unexpected value
>>dataassunzione: -907601486-09-01 mesi: 10891242103unexpected value
>>dataassunzione: +456674837-04-05 mesi: -5480073767unexpected value
>>dataassunzione: +718139683-09-16 mesi: -8617651924unexpected value
>>dataassunzione: -554477655-05-22 mesi: 6653756134unexpected value
>>dataassunzione: -850008758-04-09 mesi: 10200129372unexpected value
>>dataassunzione: -829465397-04-23 mesi: 9953609039unexpected value
>>dataassunzione: -466464932-05-01 mesi: 5597603459unexpected value
>>dataassunzione: +134367964-11-06 mesi: -1612391298unexpected value
>>dataassunzione: +721172949-02-02 mesi: -8654051109unexpected value
>>dataassunzione: -996040831-04-03 mesi: 11952514248unexpected value
>>dataassunzione: -849015598-05-24 mesi: 10188211450unexpected value
>>dataassunzione: +884188687-12-07 mesi: -10610239975unexpected value
>>dataassunzione: +239998946-11-19 mesi: -2879963083unexpected value
>>dataassunzione: +169068528-11-19 mesi: -2028798067unexpected value
>>dataassunzione: +654956176-09-20 mesi: -7859449841unexpected value
>>dataassunzione: +714927341-03-31 mesi: -8579103815unexpected value
>>dataassunzione: -510764878-03-08 mesi: 6129202813unexpected value
>>dataassunzione: -126034061-04-23 mesi: 1512433007unexpected value
>>dataassunzione: +899873272-01-03 mesi: -10798454984unexpected value
>>dataassunzione: +334451049-04-23 mesi: -4013388312unexpected value
>>dataassunzione: -843596817-12-03 mesi: 10123186072unexpected value
>>dataassunzione: -964720567-03-16 mesi: 11576671081unexpected value
>>dataassunzione: +636710829-10-26 mesi: -7640505678unexpected value
>>dataassunzione: -295378477-03-31 mesi: 3544566000unexpected value
>>dataassunzione: -360236188-08-28 mesi: 4322858527unexpected value
>>dataassunzione: -980659040-10-26 mesi: 11767932749unexpected value
>>dataassunzione: +203355348-04-07 mesi: -2440239899unexpected value
>>dataassunzione: -740750404-07-21 mesi: 8889029120unexpected value
>>dataassunzione: -593177879-12-20 mesi: 7118158815unexpected value
>>dataassunzione: -421743626-07-18 mesi: 5060947784unexpected value
>>dataassunzione: +484431118-11-07 mesi: -5813149146unexpected value]]></system-out>
  </testcase>
  <testcase name="prop_calcolaCostoPersonale(int, int, int)" classname="it.isa.progetto.AppTest" time="0.099">
    <system-out><![CDATA[negative valuenegative valuenegative valuenegative valuenegative valuenegative valuenegative valuenegative valuenegative valuenegative valuenegative valuenegative valuenegative valuenegative valuenegative valuenegative valuenegative valuenegative valuenegative valuenegative valuenegative valuenegative valuenegative valuenegative valuenegative valueoverflow/underflowoverflow/underflownegative valuenegative valuenegative valuenegative valuenegative valuenegative valuenegative valueoverflow/underflownegative valuenegative valuenegative valuenegative valuenegative valuenegative valuenegative valuenegative valueoverflow/underflownegative valuenegative valuenegative valuenegative valuenegative valuenegative valuenegative valueoverflow/underflownegative valuenegative valuenegative valuenegative valuenegative valuenegative valuenegative valuenegative valueoverflow/underflownegative valuenegative valuenegative valuenegative valuenegative valuenegative valuenegative valuenegative valuenegative valuenegative valuenegative valuenegative valuenegative valueoverflow/underflownegative valueoverflow/underflownegative valuenegative valuenegative valuenegative valuenegative valueoverflow/underflowoverflow/underflownegative valuenegative valuenegative valueoverflow/underflownegative valuenegative valuenegative valueoverflow/underflownegative valuenegative valuenegative valuenegative valuenegative valuenegative valuenegative valueoverflow/underflow]]></system-out>
  </testcase>
</testsuite>