<?xml version="1.0" encoding="UTF-8"?>
<testsuite xmlns:xsi="http://www.w3.org/2001/XMLSchema-instance" xsi:noNamespaceSchemaLocation="https://maven.apache.org/surefire/maven-surefire-plugin/xsd/surefire-test-report-3.0.xsd" version="3.0" name="it.isa.progetto.AppTest" time="1.207" tests="1" errors="0" skipped="0" failures="0">
  <properties>
    <property name="sun.desktop" value="gnome"/>
    <property name="awt.toolkit" value="sun.awt.X11.XToolkit"/>
    <property name="java.specification.version" value="11"/>
    <property name="sun.cpu.isalist" value=""/>
    <property name="sun.jnu.encoding" value="UTF-8"/>
    <property name="java.class.path" value="/home/gaetano/mioProgetto/target/test-classes:/home/gaetano/mioProgetto/target/classes:/home/gaetano/.m2/repository/org/junit/jupiter/junit-jupiter/5.8.2/junit-jupiter-5.8.2.jar:/home/gaetano/.m2/repository/org/junit/jupiter/junit-jupiter-api/5.8.2/junit-jupiter-api-5.8.2.jar:/home/gaetano/.m2/repository/org/opentest4j/opentest4j/1.2.0/opentest4j-1.2.0.jar:/home/gaetano/.m2/repository/org/junit/platform/junit-platform-commons/1.8.2/junit-platform-commons-1.8.2.jar:/home/gaetano/.m2/repository/org/junit/jupiter/junit-jupiter-params/5.8.2/junit-jupiter-params-5.8.2.jar:/home/gaetano/.m2/repository/org/junit/jupiter/junit-jupiter-engine/5.8.2/junit-jupiter-engine-5.8.2.jar:/home/gaetano/.m2/repository/org/jacoco/jacoco-maven-plugin/0.8.8/jacoco-maven-plugin-0.8.8.jar:/home/gaetano/.m2/repository/org/codehaus/plexus/plexus-utils/3.0.22/plexus-utils-3.0.22.jar:/home/gaetano/.m2/repository/org/apache/maven/shared/file-management/1.2.1/file-management-1.2.1.jar:/home/gaetano/.m2/repository/org/apache/maven/maven-plugin-api/2.0.6/maven-plugin-api-2.0.6.jar:/home/gaetano/.m2/repository/org/apache/maven/shared/maven-shared-io/1.1/maven-shared-io-1.1.jar:/home/gaetano/.m2/repository/org/apache/maven/maven-artifact/2.0.2/maven-artifact-2.0.2.jar:/home/gaetano/.m2/repository/org/apache/maven/maven-artifact-manager/2.0.2/maven-artifact-manager-2.0.2.jar:/home/gaetano/.m2/repository/org/apache/maven/maven-repository-metadata/2.0.2/maven-repository-metadata-2.0.2.jar:/home/gaetano/.m2/repository/org/apache/maven/wagon/wagon-provider-api/1.0-alpha-6/wagon-provider-api-1.0-alpha-6.jar:/home/gaetano/.m2/repository/org/codehaus/plexus/plexus-container-default/1.0-alpha-9/plexus-container-default-1.0-alpha-9.jar:/home/gaetano/.m2/repository/classworlds/classworlds/1.1-alpha-2/classworlds-1.1-alpha-2.jar:/home/gaetano/.m2/repository/org/apache/maven/reporting/maven-reporting-api/3.0/maven-reporting-api-3.0.jar:/home/gaetano/.m2/repository/org/apache/maven/doxia/doxia-sink-api/1.0/doxia-sink-api-1.0.jar:/home/gaetano/.m2/repository/org/jacoco/org.jacoco.agent/0.8.8/org.jacoco.agent-0.8.8-runtime.jar:/home/gaetano/.m2/repository/org/jacoco/org.jacoco.core/0.8.8/org.jacoco.core-0.8.8.jar:/home/gaetano/.m2/repository/org/ow2/asm/asm/9.2/asm-9.2.jar:/home/gaetano/.m2/repository/org/ow2/asm/asm-commons/9.2/asm-commons-9.2.jar:/home/gaetano/.m2/repository/org/ow2/asm/asm-analysis/9.2/asm-analysis-9.2.jar:/home/gaetano/.m2/repository/org/ow2/asm/asm-tree/9.2/asm-tree-9.2.jar:/home/gaetano/.m2/repository/org/jacoco/org.jacoco.report/0.8.8/org.jacoco.report-0.8.8.jar:/home/gaetano/.m2/repository/org/mockito/mockito-all/1.10.19/mockito-all-1.10.19.jar:/home/gaetano/.m2/repository/com/pholser/junit-quickcheck-core/1.0/junit-quickcheck-core-1.0.jar:/home/gaetano/.m2/repository/junit/junit/4.13.1/junit-4.13.1.jar:/home/gaetano/.m2/repository/org/hamcrest/hamcrest-core/1.3/hamcrest-core-1.3.jar:/home/gaetano/.m2/repository/org/javaruntype/javaruntype/1.3/javaruntype-1.3.jar:/home/gaetano/.m2/repository/org/antlr/antlr-runtime/3.1.2/antlr-runtime-3.1.2.jar:/home/gaetano/.m2/repository/ognl/ognl/3.1.12/ognl-3.1.12.jar:/home/gaetano/.m2/repository/org/javassist/javassist/3.20.0-GA/javassist-3.20.0-GA.jar:/home/gaetano/.m2/repository/ru/vyarus/generics-resolver/3.0.1/generics-resolver-3.0.1.jar:/home/gaetano/.m2/repository/org/slf4j/slf4j-api/1.7.25/slf4j-api-1.7.25.jar:/home/gaetano/.m2/repository/com/pholser/junit-quickcheck-generators/1.0/junit-quickcheck-generators-1.0.jar:/home/gaetano/.m2/repository/org/junit/vintage/junit-vintage-engine/5.8.2/junit-vintage-engine-5.8.2.jar:/home/gaetano/.m2/repository/org/junit/platform/junit-platform-engine/1.8.2/junit-platform-engine-1.8.2.jar:/home/gaetano/.m2/repository/org/apiguardian/apiguardian-api/1.1.2/apiguardian-api-1.1.2.jar:/home/gaetano/.m2/repository/org/slf4j/slf4j-simple/1.7.36/slf4j-simple-1.7.36.jar:/home/gaetano/.m2/repository/com/ibm/db2/jcc/11.1.4.4/jcc-11.1.4.4.jar:"/>
    <property name="java.vm.vendor" value="Ubuntu"/>
    <property name="sun.arch.data.model" value="64"/>
    <property name="java.vendor.url" value="https://ubuntu.com/"/>
    <property name="user.timezone" value="Europe/Rome"/>
    <property name="java.vm.specification.version" value="11"/>
    <property name="os.name" value="Linux"/>
    <property name="sun.java.launcher" value="SUN_STANDARD"/>
    <property name="user.country" value="GB"/>
    <property name="sun.boot.library.path" value="/usr/lib/jvm/java-11-openjdk-amd64/lib"/>
    <property name="sun.java.command" value="/home/gaetano/mioProgetto/target/surefire/surefirebooter10294820740820238085.jar /home/gaetano/mioProgetto/target/surefire 2023-04-15T12-09-40_121-jvmRun1 surefire8885610429183966878tmp surefire_014758454957020838783tmp"/>
    <property name="jdk.debug" value="release"/>
    <property name="surefire.test.class.path" value="/home/gaetano/mioProgetto/target/test-classes:/home/gaetano/mioProgetto/target/classes:/home/gaetano/.m2/repository/org/junit/jupiter/junit-jupiter/5.8.2/junit-jupiter-5.8.2.jar:/home/gaetano/.m2/repository/org/junit/jupiter/junit-jupiter-api/5.8.2/junit-jupiter-api-5.8.2.jar:/home/gaetano/.m2/repository/org/opentest4j/opentest4j/1.2.0/opentest4j-1.2.0.jar:/home/gaetano/.m2/repository/org/junit/platform/junit-platform-commons/1.8.2/junit-platform-commons-1.8.2.jar:/home/gaetano/.m2/repository/org/junit/jupiter/junit-jupiter-params/5.8.2/junit-jupiter-params-5.8.2.jar:/home/gaetano/.m2/repository/org/junit/jupiter/junit-jupiter-engine/5.8.2/junit-jupiter-engine-5.8.2.jar:/home/gaetano/.m2/repository/org/jacoco/jacoco-maven-plugin/0.8.8/jacoco-maven-plugin-0.8.8.jar:/home/gaetano/.m2/repository/org/codehaus/plexus/plexus-utils/3.0.22/plexus-utils-3.0.22.jar:/home/gaetano/.m2/repository/org/apache/maven/shared/file-management/1.2.1/file-management-1.2.1.jar:/home/gaetano/.m2/repository/org/apache/maven/maven-plugin-api/2.0.6/maven-plugin-api-2.0.6.jar:/home/gaetano/.m2/repository/org/apache/maven/shared/maven-shared-io/1.1/maven-shared-io-1.1.jar:/home/gaetano/.m2/repository/org/apache/maven/maven-artifact/2.0.2/maven-artifact-2.0.2.jar:/home/gaetano/.m2/repository/org/apache/maven/maven-artifact-manager/2.0.2/maven-artifact-manager-2.0.2.jar:/home/gaetano/.m2/repository/org/apache/maven/maven-repository-metadata/2.0.2/maven-repository-metadata-2.0.2.jar:/home/gaetano/.m2/repository/org/apache/maven/wagon/wagon-provider-api/1.0-alpha-6/wagon-provider-api-1.0-alpha-6.jar:/home/gaetano/.m2/repository/org/codehaus/plexus/plexus-container-default/1.0-alpha-9/plexus-container-default-1.0-alpha-9.jar:/home/gaetano/.m2/repository/classworlds/classworlds/1.1-alpha-2/classworlds-1.1-alpha-2.jar:/home/gaetano/.m2/repository/org/apache/maven/reporting/maven-reporting-api/3.0/maven-reporting-api-3.0.jar:/home/gaetano/.m2/repository/org/apache/maven/doxia/doxia-sink-api/1.0/doxia-sink-api-1.0.jar:/home/gaetano/.m2/repository/org/jacoco/org.jacoco.agent/0.8.8/org.jacoco.agent-0.8.8-runtime.jar:/home/gaetano/.m2/repository/org/jacoco/org.jacoco.core/0.8.8/org.jacoco.core-0.8.8.jar:/home/gaetano/.m2/repository/org/ow2/asm/asm/9.2/asm-9.2.jar:/home/gaetano/.m2/repository/org/ow2/asm/asm-commons/9.2/asm-commons-9.2.jar:/home/gaetano/.m2/repository/org/ow2/asm/asm-analysis/9.2/asm-analysis-9.2.jar:/home/gaetano/.m2/repository/org/ow2/asm/asm-tree/9.2/asm-tree-9.2.jar:/home/gaetano/.m2/repository/org/jacoco/org.jacoco.report/0.8.8/org.jacoco.report-0.8.8.jar:/home/gaetano/.m2/repository/org/mockito/mockito-all/1.10.19/mockito-all-1.10.19.jar:/home/gaetano/.m2/repository/com/pholser/junit-quickcheck-core/1.0/junit-quickcheck-core-1.0.jar:/home/gaetano/.m2/repository/junit/junit/4.13.1/junit-4.13.1.jar:/home/gaetano/.m2/repository/org/hamcrest/hamcrest-core/1.3/hamcrest-core-1.3.jar:/home/gaetano/.m2/repository/org/javaruntype/javaruntype/1.3/javaruntype-1.3.jar:/home/gaetano/.m2/repository/org/antlr/antlr-runtime/3.1.2/antlr-runtime-3.1.2.jar:/home/gaetano/.m2/repository/ognl/ognl/3.1.12/ognl-3.1.12.jar:/home/gaetano/.m2/repository/org/javassist/javassist/3.20.0-GA/javassist-3.20.0-GA.jar:/home/gaetano/.m2/repository/ru/vyarus/generics-resolver/3.0.1/generics-resolver-3.0.1.jar:/home/gaetano/.m2/repository/org/slf4j/slf4j-api/1.7.25/slf4j-api-1.7.25.jar:/home/gaetano/.m2/repository/com/pholser/junit-quickcheck-generators/1.0/junit-quickcheck-generators-1.0.jar:/home/gaetano/.m2/repository/org/junit/vintage/junit-vintage-engine/5.8.2/junit-vintage-engine-5.8.2.jar:/home/gaetano/.m2/repository/org/junit/platform/junit-platform-engine/1.8.2/junit-platform-engine-1.8.2.jar:/home/gaetano/.m2/repository/org/apiguardian/apiguardian-api/1.1.2/apiguardian-api-1.1.2.jar:/home/gaetano/.m2/repository/org/slf4j/slf4j-simple/1.7.36/slf4j-simple-1.7.36.jar:/home/gaetano/.m2/repository/com/ibm/db2/jcc/11.1.4.4/jcc-11.1.4.4.jar:"/>
    <property name="sun.cpu.endian" value="little"/>
    <property name="user.home" value="/home/gaetano"/>
    <property name="user.language" value="en"/>
    <property name="java.specification.vendor" value="Oracle Corporation"/>
    <property name="java.version.date" value="2022-10-18"/>
    <property name="java.home" value="/usr/lib/jvm/java-11-openjdk-amd64"/>
    <property name="file.separator" value="/"/>
    <property name="basedir" value="/home/gaetano/mioProgetto"/>
    <property name="java.vm.compressedOopsMode" value="Zero based"/>
    <property name="line.separator" value="&#10;"/>
    <property name="java.specification.name" value="Java Platform API Specification"/>
    <property name="java.vm.specification.vendor" value="Oracle Corporation"/>
    <property name="java.awt.graphicsenv" value="sun.awt.X11GraphicsEnvironment"/>
    <property name="surefire.real.class.path" value="/home/gaetano/mioProgetto/target/surefire/surefirebooter10294820740820238085.jar"/>
    <property name="sun.management.compiler" value="HotSpot 64-Bit Tiered Compilers"/>
    <property name="java.runtime.version" value="11.0.17+8-post-Ubuntu-1ubuntu218.04"/>
    <property name="user.name" value="gaetano"/>
    <property name="path.separator" value=":"/>
    <property name="os.version" value="5.0.0-32-generic"/>
    <property name="java.runtime.name" value="OpenJDK Runtime Environment"/>
    <property name="file.encoding" value="UTF-8"/>
    <property name="java.vm.name" value="OpenJDK 64-Bit Server VM"/>
    <property name="localRepository" value="/home/gaetano/.m2/repository"/>
    <property name="java.vendor.url.bug" value="https://bugs.launchpad.net/ubuntu/+source/openjdk-lts"/>
    <property name="java.io.tmpdir" value="/tmp"/>
    <property name="java.version" value="11.0.17"/>
    <property name="user.dir" value="/home/gaetano/mioProgetto"/>
    <property name="os.arch" value="amd64"/>
    <property name="java.vm.specification.name" value="Java Virtual Machine Specification"/>
    <property name="java.awt.printerjob" value="sun.print.PSPrinterJob"/>
    <property name="sun.os.patch.level" value="unknown"/>
    <property name="java.library.path" value="/usr/java/packages/lib:/usr/lib/x86_64-linux-gnu/jni:/lib/x86_64-linux-gnu:/usr/lib/x86_64-linux-gnu:/usr/lib/jni:/lib:/usr/lib"/>
    <property name="java.vm.info" value="mixed mode, sharing"/>
    <property name="java.vendor" value="Ubuntu"/>
    <property name="java.vm.version" value="11.0.17+8-post-Ubuntu-1ubuntu218.04"/>
    <property name="sun.io.unicode.encoding" value="UnicodeLittle"/>
    <property name="java.class.version" value="55.0"/>
  </properties>
  <testcase name="testPDip1" classname="it.isa.progetto.AppTest" time="0.023"/>
  <testcase name="prop_calcolaCostoPersonale(int, int, int)" classname="it.isa.progetto.AppTest" time="1.195">
    <system-out><![CDATA[negative value
val: -1096696454  1040037708  -1078258582  x:-1  y:-1.979156936E9
negative value
val: 1854329224  -1408280702  -1122674699  x:-1  y:-1.734107376E9
negative value
val: -18685570  -299322009  -767499048  x:-1  y:1.449578418E9
negative value
val: -1688384188  -1769968577  1911988260  x:-1  y:3.11342012E8
negative value
val: -2086119747  1260208362  -1226695703  x:-1  y:-1.61116755E9
non overflow: -1.658352256E9(-1658352256) < 2147483647
val: 118501496  484495966  553668850  x:-1658352256  y:1.75664232E9
negative value
val: -214783012  -762258804  732680569  x:-1  y:1.238324304E9
negative value
val: -98752301  408869093  318206715  x:-1  y:4.69863615E8
negative value
val: -1636828589  -102275216  1412838538  x:-1  y:-9.057656E7
negative value
val: 119788750  -1107220842  -1898541968  x:-1  y:9.62806964E8
negative value
val: -436150774  -329239346  -1112122139  x:-1  y:-1.11485234E9
negative value
val: -115110557  -68048366  -1394447628  x:-1  y:1.26816639E9
negative value
val: -1590842063  -1229341716  -731327330  x:-1  y:-2.34392532E8
negative value
val: 571708773  -1655369230  920392145  x:-1  y:2.51129466E8
negative value
val: -1141822257  12164341  -766449332  x:-1  y:9.17833243E8
negative value
val: 1187129957  -482217035  867725073  x:-1  y:-1.473587095E9
negative value
val: -119893235  182152457  -340588292  x:-1  y:5.10309493E8
negative value
val: -1140425097  270592486  -779235354  x:-1  y:3.65948394E8
negative value
val: -1021370237  -959501167  927282766  x:-1  y:2.049240627E9
negative value
val: 1226789591  -83501749  -387710690  x:-1  y:-5.05159683E8
negative value
val: -659631684  -1051801656  27089087  x:-1  y:-7.90298912E8
negative value
val: -1651306319  -563677886  -1832814298  x:-1  y:-2.09022499E9
negative value
val: -1370634230  586980548  -2137626746  x:-1  y:3.90807464E8
negative value
val: -192594659  1916104169  1290974410  x:-1  y:-6.49398171E8
negative value
val: -216977440  -2058028918  -826820697  x:-1  y:-1.020997952E9
negative value
val: -1384187186  1072159330  -2096941401  x:-1  y:-1.911460132E9
negative value
val: -1995186983  -1505092073  -406926834  x:-1  y:8.28654975E8
negative value
val: -1165227046  -827819210  -1739432643  x:-1  y:-6.99646468E8
negative value
val: -1836011344  248540246  -1893426970  x:-1  y:1.982176032E9
negative value
val: -613414272  -1301094442  -196756543  x:-1  y:-1.244772608E9
negative value
val: -1251157448  -674942994  1830413867  x:-1  y:-1.671747568E9
negative value
val: -1874822752  901611511  784754075  x:-1  y:3.63575648E8
negative value
val: -2097538759  1189815879  -371105923  x:-1  y:8.12545231E8
negative value
val: 1953339115  -1478800711  -649109389  x:-1  y:9.53875923E8
negative value
val: -474835998  144577693  -427316425  x:-1  y:-3.09438054E8
negative value
val: -719770777  -1970037171  -527718060  x:-1  y:3.27196667E8
negative value
val: 25154713  174931183  -647580992  x:-1  y:-6.15491881E8
negative value
val: -1295301416  -1840769736  -405129112  x:-1  y:1.440532288E9
negative value
val: -175507843  1557325113  -1038269984  x:-1  y:8.68201173E8
non overflow: -2.15527367E8(-215527367) < 2147483647
val: 1088270637  685712994  541566043  x:-215527367  y:4.59112762E8
negative value
val: 1778217787  -828615554  1230687018  x:-1  y:1.0918785E8
negative value
val: -2078892228  -1707513690  1426670177  x:-1  y:1.672978664E9
negative value
val: 102975205  -1288895435  -780003352  x:-1  y:1.739211113E9
non overflow: 1.971218244E9(1971218244) < 2147483647
val: 1527457478  480877296  925979014  x:1971218244  y:1.350399392E9
negative value
val: 1715783651  439872369  -2037549370  x:-1  y:1.201577011E9
negative value
val: 1106123326  -971831581  389673438  x:-1  y:-2.45843718E8
negative value
val: 456671558  -1115673297  -824183773  x:-1  y:8.69091802E8
negative value
val: 1022995877  -599031831  1780422032  x:-1  y:1.29689133E8
negative value
val: 566660465  -1853527307  -773892925  x:-1  y:1.05588517E8
negative value
val: 1441582476  -592516723  -628816392  x:-1  y:-5.42531044E8
negative value
val: -345757754  704454665  -2000679044  x:-1  y:-8.02413066E8
negative value
val: -1092443698  1961452738  491646630  x:-1  y:-8.8178122E8
negative value
val: -907232068  -1554159425  490312833  x:-1  y:4.12692548E8
negative value
val: -178639210  -778600759  1830700810  x:-1  y:-1.47429434E8
negative value
val: -1108415380  -1559979955  -613468624  x:-1  y:1.92815014E9
negative value
val: -657395741  1095967345  161984321  x:-1  y:-5.75731405E8
negative value
val: -296963222  -1883317824  -127480703  x:-1  y:4.74442112E8
negative value
val: 66980282  269481995  -166146150  x:-1  y:2.000460542E9
negative value
val: 358346265  1649817322  -1426709871  x:-1  y:2.024204506E9
negative value
val: 928917085  -1970376469  221559719  x:-1  y:1.842079583E9
negative value
val: 11123727  -1998332548  643805698  x:-1  y:-1.831007676E9
negative value
val: 122314311  -638978194  965663440  x:-1  y:-5.27826046E8
negative value
val: 1185301613  1402676487  -1750707076  x:-1  y:-1.150377989E9
negative value
val: -1946019202  1381487251  -1846020247  x:-1  y:2.076349018E9
negative value
val: 1495925731  -1140943175  -1400245162  x:-1  y:-1.176645365E9
negative value
val: -91535102  993297805  -248821505  x:-1  y:-1.509081062E9
negative value
val: -1082404929  1934321622  -1413628675  x:-1  y:-1.945468246E9
negative value
val: -1741278435  537322475  -1011540708  x:-1  y:-1.681808737E9
negative value
val: -888554610  2108290185  -593562517  x:-1  y:3.64295934E8
negative value
val: -801522012  -1794204285  780658651  x:-1  y:-6.6380546E8
negative value
val: -357973865  -831824901  425409380  x:-1  y:1.828880653E9
negative value
val: 1405982941  1902134391  -1586489538  x:-1  y:1.896661691E9
negative value
val: 29255113  -2000523380  -139333387  x:-1  y:1.821626604E9
negative value
val: -201648551  1099599189  -1386122845  x:-1  y:-2.23907699E8
negative value
val: -396882518  -938995391  -1548129265  x:-1  y:3.45227818E8
negative value
val: 480866330  132943261  -1422973817  x:-1  y:-1.90836238E8
negative value
val: -1572397344  -259997399  -1086288807  x:-1  y:1.95744224E8
negative value
val: -1209492546  -651330138  189066946  x:-1  y:1.128710964E9
negative value
val: -711180649  -12803502  -331936970  x:-1  y:1.61137315E9
negative value
val: -2082496783  -17988348  1738515144  x:-1  y:-2.14442374E9
negative value
val: -201013851  24700085  -789153326  x:-1  y:2.97709993E8
negative value
val: -395271180  -455775106  398460335  x:-1  y:-1.49948772E9
non overflow: 5.87220147E8(587220147) < 2147483647
val: 835300971  1451064975  1869071946  x:587220147  y:8.01118149E8
negative value
val: -2014769282  1073691445  709826879  x:-1  y:1.247035158E9
negative value
val: 1993877898  -2013296055  -853336860  x:-1  y:-1.870775206E9
negative value
val: -1950659319  -323169061  -1034276753  x:-1  y:-2.086511949E9
negative value
val: -1326876178  1933016535  1622085041  x:-1  y:-1.329554206E9
negative value
val: 1104581108  -1244647389  -1968839094  x:-1  y:1.44203478E9
negative value
val: -2034857067  -270656210  1692928287  x:-1  y:1.48043206E8
negative value
val: 1086055607  -10795509  -881909232  x:-1  y:-1.096163875E9
negative value
val: -1782698368  1559419280  -1467864591  x:-1  y:1.701095424E9
non overflow: -3.89973845E8(-389973845) < 2147483647
val: 305102665  1812912001  579779794  x:-389973845  y:-8.08226103E8
negative value
val: -53180389  -1247039054  1327136112  x:-1  y:-1.091940922E9
negative value
val: -1849184808  -2074923597  -1625316398  x:-1  y:-9.86348024E8
negative value
val: 1408792517  -1033738588  836347426  x:-1  y:-2.96798156E8
negative value
val: -298396709  934174675  -1923889530  x:-1  y:-1.146559871E9
negative value
val: 1630510706  -373119390  1538913328  x:-1  y:-3.7980886E8
negative value
val: 1892750069  1562327999  -1202457487  x:-1  y:-1.475961909E9
negative value
val: -1464201381  -882769410  -283378819  x:-1  y:7.46624842E8
negative value
val: 432203657  -1305701033  -1910619251  x:-1  y:1.066101903E9
]]></system-out>
  </testcase>
</testsuite>